98.05.11 22:14 B H:\POSHEN\AA4\WWW\aa4.htm --> ftp.tripod.com / aa4.htm
98.05.11 22:15 B H:\POSHEN\AA4\WWW\camera.gif --> ftp.tripod.com / camera.gif
98.05.11 22:15 B H:\POSHEN\AA4\WWW\explode.jpg --> ftp.tripod.com / explode.jpg
98.05.11 22:15 B H:\POSHEN\AA4\WWW\scrn0001.jpg --> ftp.tripod.com / scrn0001.jpg
98.05.11 22:15 B H:\POSHEN\AA4\WWW\stars.gif --> ftp.tripod.com / stars.gif
98.05.12 17:15 B H:\POSHEN\AA4\WWW\aa4.htm --> ftp.tripod.com /aa4 aa4.htm
98.05.13 19:48 B H:\POSHEN\AA4\WWW\aa4.htm --> ftp.tripod.com /aa4 aa4.htm
98.05.13 19:55 B H:\POSHEN\AA4\WWW\aa4.htm --> ftp.tripod.com /aa4 aa4.htm
98.05.13 19:58 B H:\POSHEN\AA4\WWW\aa4.htm --> ftp.tripod.com /aa4 aa4.htm
98.05.14 20:42 B H:\POSHEN\AA4\WWW\aa4.htm --> ftp.tripod.com / aa4.htm
98.05.14 20:56 B H:\POSHEN\AA4\WWW\aa4.htm --> ftp.tripod.com / aa4.htm
98.05.14 20:56 B H:\POSHEN\AA4\WWW\aa4.htm --> ftp.tripod.com / aa4.htm
98.05.14 20:57 B H:\POSHEN\AA4\WWW\aa4.htm --> ftp.tripod.com /aa4 aa4.htm
98.05.14 21:01 B H:\POSHEN\AA4\WWW\aa4.htm --> ftp.tripod.com /aa4 aa4.htm
98.05.16 16:14 B H:\POSHEN\AA4\WWW\aa4.htm --> ftp.tripod.com /aa4 aa4.htm
98.05.16 16:14 B H:\POSHEN\AA4\WWW\camera.gif --> ftp.tripod.com /aa4 camera.gif
98.05.16 16:14 B H:\POSHEN\AA4\WWW\exp1.bmp --> ftp.tripod.com /aa4 exp1.bmp
98.05.16 16:14 B H:\POSHEN\AA4\WWW\exp1.gif --> ftp.tripod.com /aa4 exp1.gif
98.05.16 16:14 B H:\POSHEN\AA4\WWW\explode.bmp --> ftp.tripod.com /aa4 explode.bmp
98.05.16 16:14 B H:\POSHEN\AA4\WWW\explode.jpg --> ftp.tripod.com /aa4 explode.jpg
98.05.16 16:15 B H:\POSHEN\AA4\WWW\galaxy.bmp --> ftp.tripod.com /aa4 galaxy.bmp
98.05.16 16:15 B H:\POSHEN\AA4\WWW\galaxy.jpg --> ftp.tripod.com /aa4 galaxy.jpg
98.05.16 16:15 B H:\POSHEN\AA4\WWW\gen.cpp --> ftp.tripod.com /aa4 gen.cpp
98.05.16 16:15 B H:\POSHEN\AA4\WWW\gen.exe --> ftp.tripod.com /aa4 gen.exe
98.05.16 16:15 B H:\POSHEN\AA4\WWW\gen.obj --> ftp.tripod.com /aa4 gen.obj
98.05.16 16:17 B H:\POSHEN\AA4\WWW\scrn00.gif --> ftp.tripod.com /aa4 scrn00.gif
98.05.16 16:17 B H:\POSHEN\AA4\WWW\scrn00.htm --> ftp.tripod.com /aa4 scrn00.htm
98.05.16 16:17 B H:\POSHEN\AA4\WWW\scrn01.gif --> ftp.tripod.com /aa4 scrn01.gif
98.05.16 16:17 B H:\POSHEN\AA4\WWW\scrn01.htm --> ftp.tripod.com /aa4 scrn01.htm
98.05.16 16:17 B H:\POSHEN\AA4\WWW\scrn02.gif --> ftp.tripod.com /aa4 scrn02.gif
98.05.16 16:17 B H:\POSHEN\AA4\WWW\scrn02.htm --> ftp.tripod.com /aa4 scrn02.htm
98.05.16 16:17 B H:\POSHEN\AA4\WWW\scrn03.gif --> ftp.tripod.com /aa4 scrn03.gif
98.05.16 16:17 B H:\POSHEN\AA4\WWW\scrn03.htm --> ftp.tripod.com /aa4 scrn03.htm
98.05.16 16:18 B H:\POSHEN\AA4\WWW\scrn04.gif --> ftp.tripod.com /aa4 scrn04.gif
98.05.16 16:18 B H:\POSHEN\AA4\WWW\scrn04.htm --> ftp.tripod.com /aa4 scrn04.htm
98.05.16 16:18 B H:\POSHEN\AA4\WWW\scrn05.gif --> ftp.tripod.com /aa4 scrn05.gif
98.05.16 16:18 B H:\POSHEN\AA4\WWW\scrn05.htm --> ftp.tripod.com /aa4 scrn05.htm
98.05.16 16:18 B H:\POSHEN\AA4\WWW\scrn06.gif --> ftp.tripod.com /aa4 scrn06.gif
98.05.16 16:18 B H:\POSHEN\AA4\WWW\scrn06.htm --> ftp.tripod.com /aa4 scrn06.htm
98.05.16 16:18 B H:\POSHEN\AA4\WWW\scrn07.gif --> ftp.tripod.com /aa4 scrn07.gif
98.05.16 16:18 B H:\POSHEN\AA4\WWW\scrn07.htm --> ftp.tripod.com /aa4 scrn07.htm
98.05.16 16:18 B H:\POSHEN\AA4\WWW\scrn08.gif --> ftp.tripod.com /aa4 scrn08.gif
98.05.16 16:18 B H:\POSHEN\AA4\WWW\scrn08.htm --> ftp.tripod.com /aa4 scrn08.htm
98.05.16 16:18 B H:\POSHEN\AA4\WWW\scrn09.gif --> ftp.tripod.com /aa4 scrn09.gif
98.05.16 16:18 B H:\POSHEN\AA4\WWW\scrn09.htm --> ftp.tripod.com /aa4 scrn09.htm
98.05.16 16:18 B H:\POSHEN\AA4\WWW\scrn10.gif --> ftp.tripod.com /aa4 scrn10.gif
98.05.16 16:18 B H:\POSHEN\AA4\WWW\scrn10.htm --> ftp.tripod.com /aa4 scrn10.htm
98.05.16 16:18 B H:\POSHEN\AA4\WWW\scrn11.gif --> ftp.tripod.com /aa4 scrn11.gif
98.05.16 16:18 B H:\POSHEN\AA4\WWW\scrn11.htm --> ftp.tripod.com /aa4 scrn11.htm
98.05.16 16:18 B H:\POSHEN\AA4\WWW\scrn12.gif --> ftp.tripod.com /aa4 scrn12.gif
98.05.16 16:18 B H:\POSHEN\AA4\WWW\scrn12.htm --> ftp.tripod.com /aa4 scrn12.htm
98.05.16 16:18 B H:\POSHEN\AA4\WWW\scrn13.gif --> ftp.tripod.com /aa4 scrn13.gif
98.05.16 16:19 B H:\POSHEN\AA4\WWW\scrn13.htm --> ftp.tripod.com /aa4 scrn13.htm
98.05.16 16:19 B H:\POSHEN\AA4\WWW\scrn14.gif --> ftp.tripod.com /aa4 scrn14.gif
98.05.16 16:19 B H:\POSHEN\AA4\WWW\scrn14.htm --> ftp.tripod.com /aa4 scrn14.htm
98.05.16 16:19 B H:\POSHEN\AA4\WWW\scrn15.gif --> ftp.tripod.com /aa4 scrn15.gif
98.05.16 16:19 B H:\POSHEN\AA4\WWW\scrn15.htm --> ftp.tripod.com /aa4 scrn15.htm
98.05.16 16:19 B H:\POSHEN\AA4\WWW\scrn16.gif --> ftp.tripod.com /aa4 scrn16.gif
98.05.16 16:19 B H:\POSHEN\AA4\WWW\scrn16.htm --> ftp.tripod.com /aa4 scrn16.htm
98.05.16 16:19 B H:\POSHEN\AA4\WWW\scrn17.gif --> ftp.tripod.com /aa4 scrn17.gif
98.05.16 16:19 B H:\POSHEN\AA4\WWW\scrn17.htm --> ftp.tripod.com /aa4 scrn17.htm
98.05.16 16:19 B H:\POSHEN\AA4\WWW\scrn18.gif --> ftp.tripod.com /aa4 scrn18.gif
98.05.16 16:19 B H:\POSHEN\AA4\WWW\scrn18.htm --> ftp.tripod.com /aa4 scrn18.htm
98.05.16 16:19 B H:\POSHEN\AA4\WWW\scrn19.gif --> ftp.tripod.com /aa4 scrn19.gif
98.05.16 16:19 B H:\POSHEN\AA4\WWW\scrn19.htm --> ftp.tripod.com /aa4 scrn19.htm
98.05.16 16:19 B H:\POSHEN\AA4\WWW\scrn20.gif --> ftp.tripod.com /aa4 scrn20.gif
98.05.16 16:19 B H:\POSHEN\AA4\WWW\scrn20.htm --> ftp.tripod.com /aa4 scrn20.htm
98.05.16 16:19 B H:\POSHEN\AA4\WWW\scrn21.gif --> ftp.tripod.com /aa4 scrn21.gif
98.05.16 16:19 B H:\POSHEN\AA4\WWW\scrn21.htm --> ftp.tripod.com /aa4 scrn21.htm
98.05.16 16:19 B H:\POSHEN\AA4\WWW\scrn22.gif --> ftp.tripod.com /aa4 scrn22.gif
98.05.16 16:19 B H:\POSHEN\AA4\WWW\scrn22.htm --> ftp.tripod.com /aa4 scrn22.htm
98.05.16 16:19 B H:\POSHEN\AA4\WWW\scrn23.gif --> ftp.tripod.com /aa4 scrn23.gif
98.05.16 16:19 B H:\POSHEN\AA4\WWW\scrn23.htm --> ftp.tripod.com /aa4 scrn23.htm
98.05.16 16:20 B H:\POSHEN\AA4\WWW\scrn24.gif --> ftp.tripod.com /aa4 scrn24.gif
98.05.16 16:20 B H:\POSHEN\AA4\WWW\scrn24.htm --> ftp.tripod.com /aa4 scrn24.htm
98.05.16 16:20 B H:\POSHEN\AA4\WWW\scrn25.gif --> ftp.tripod.com /aa4 scrn25.gif
98.05.16 16:20 B H:\POSHEN\AA4\WWW\scrn25.htm --> ftp.tripod.com /aa4 scrn25.htm
98.05.16 16:20 B H:\POSHEN\AA4\WWW\scrn26.gif --> ftp.tripod.com /aa4 scrn26.gif
98.05.16 16:20 B H:\POSHEN\AA4\WWW\scrn26.htm --> ftp.tripod.com /aa4 scrn26.htm
98.05.16 16:20 B H:\POSHEN\AA4\WWW\scrn27.gif --> ftp.tripod.com /aa4 scrn27.gif
98.05.16 16:20 B H:\POSHEN\AA4\WWW\scrn27.htm --> ftp.tripod.com /aa4 scrn27.htm
98.05.16 16:20 B H:\POSHEN\AA4\WWW\shots.htm --> ftp.tripod.com /aa4 shots.htm
98.05.16 16:20 B H:\POSHEN\AA4\WWW\title.jpg --> ftp.tripod.com /aa4 title.jpg
98.05.16 16:25 B H:\POSHEN\AA4\WWW\aa4.htm --> ftp.tripod.com /aa4 aa4.htm
98.05.18 22:01 B H:\POSHEN\AA4\WWW\aa4.htm --> ftp.tripod.com /aa4 aa4.htm
98.05.19 20:38 B H:\POSHEN\AA4\WWW\aa4.htm --> ftp.tripod.com /aa4 aa4.htm
98.05.20 21:11 B H:\POSHEN\AA4\WWW\aa4.htm --> ftp.tripod.com /aa4 aa4.htm
98.05.21 21:03 B H:\POSHEN\AA4\WWW\aa4.htm --> ftp.tripod.com /aa4 aa4.htm
98.05.21 22:32 B H:\POSHEN\AA4\WWW\aa4.htm --> ftp.tripod.com /aa4 aa4.htm
98.05.22 20:42 B H:\POSHEN\AA4\WWW\aa4.htm --> ftp.tripod.com /aa4 aa4.htm
98.05.25 19:42 B H:\POSHEN\AA4\WWW\aa4.htm --> ftp.tripod.com /aa4 aa4.htm
