98.04.21 20:12 B H:\POSHEN\AA4\aa4.zip --> ftp.geocities.com /SiliconValley/Lakes/6293 aa4.zip
98.05.08 21:04 B H:\POSHEN\AA4\aa4_sea.zip --> ftp.geocities.com /SiliconValley/Lakes/6293 aa4_sea.zip
98.05.08 21:11 B H:\POSHEN\AA4\mus_sea.zip --> ftp.geocities.com /SiliconValley/Lakes/6293 mus_sea.zip
98.05.09 20:46 B H:\POSHEN\AA4\aa4_sea.zip --> ftp.geocities.com /SiliconValley/Lakes/6293 aa4_sea.zip
98.05.09 20:51 B H:\POSHEN\AA4\mus_sea.zip --> ftp.geocities.com /SiliconValley/Lakes/6293 mus_sea.zip
98.05.11 17:36 B H:\POSHEN\AA4\aa4_sea.exe --> ftp.tripod.com / aa4_sea.exe
98.05.11 22:08 B H:\POSHEN\AA4\aa4_sea.exe --> ftp.tripod.com / aa4_sea.exe
98.05.11 22:14 B H:\POSHEN\AA4\mus_sea.exe --> ftp.tripod.com / mus_sea.exe
98.05.13 19:48 B H:\POSHEN\AA4\aa4_sea.exe --> ftp.tripod.com /aa4 aa4_sea.exe
98.05.14 20:42 B H:\POSHEN\AA4\aa4_sea.exe --> ftp.tripod.com / aa4_sea.exe
98.05.14 20:59 B H:\POSHEN\AA4\aa4_sea.exe --> ftp.tripod.com /aa4 aa4_sea.exe
98.05.16 16:24 B H:\POSHEN\AA4\aa4_sea.exe --> ftp.tripod.com /aa4 aa4_sea.exe
98.05.18 21:59 B H:\POSHEN\AA4\aa4_sea.exe --> ftp.tripod.com /aa4 aa4_sea.exe
98.05.19 20:34 B H:\POSHEN\AA4\aa4_sea.exe --> ftp.tripod.com / aa4_sea.exe
98.05.19 20:40 B H:\POSHEN\AA4\aa4_sea.exe --> ftp.tripod.com /aa4 aa4_sea.exe
98.05.20 21:13 B H:\POSHEN\AA4\aa4_sea.exe --> ftp.tripod.com /aa4 aa4_sea.exe
98.05.21 21:03 B H:\POSHEN\AA4\aa4_sea.exe --> ftp.tripod.com /aa4 aa4_sea.exe
98.05.21 22:32 B H:\POSHEN\AA4\aa4_sea.exe --> ftp.tripod.com /aa4 aa4_sea.exe
98.05.22 20:41 B H:\POSHEN\AA4\aa4_sea.exe --> ftp.tripod.com /aa4 aa4_sea.exe
98.05.25 19:42 B H:\POSHEN\AA4\aa4_sea.exe --> ftp.tripod.com /aa4 aa4_sea.exe
